▶️  ok ------------------------------------------------------------
✅ pass: ok

▶️  sample ------------------------------------------------------------
 beaca
 ddddb
 adadd
 eadcb
 eacaa
 aeadb
 daebd
 debcb
 bdcad
 eabca
✅ pass: sample

▶️  num ------------------------------------------------------------
 10 5.5 3.0276503540974917
✅ pass: num

▶️  gauss ------------------------------------------------------------
 10000 10.013090245127714 1.9708063718547493
✅ pass: gauss

▶️  bootmu ------------------------------------------------------------
 	 mu 	 sd 	 cliffs boot both
 	 -- 	 -- 	 ------ ---- ----
 	 10.0 	 1 	 True True True
 	 10.1 	 1 	 True True True
 	 10.2 	 1 	 True True True
 	 10.3 	 1 	 True True True
 	 10.4 	 1 	 True True True
 	 10.5 	 1 	 True False False
 	 10.6 	 1 	 True False False
 	 10.7 	 1 	 True False False
 	 10.8 	 1 	 True False False
 	 10.9 	 1 	 True False False
 	 11.0 	 1 	 False False False
✅ pass: bootmu

▶️  basic ------------------------------------------------------------
		True True True
		False False False
		False False False
✅ pass: basic

▶️  pre ------------------------------------------------------------

eg3
	 1 	     True 	 True 	 True
	 1.05 	 True 	 True 	 True
	 1.1 	 False 	 False 	 True
	 1.15 	 False 	 False 	 True
	 1.2 	 False 	 False 	 True
	 1.25 	 False 	 False 	 True
	 1.3 	 False 	 False 	 True
	 1.35 	 False 	 False 	 True
	 1.4 	 False 	 False 	 True
	 1.45 	 False 	 False 	 True
✅ pass: pre

▶️  five ------------------------------------------------------------
rx5 1  -   *   -------    |                    ['  0.10', '  0.10', '  0.20', '  0.30', '  0.40']
rx3 1   -    *    ----    |                    ['  0.15', '  0.15', '  0.25', '  0.35', '  0.40']
rx1 2             -      *|-----               ['  0.34', '  0.34', '  0.49', '  0.51', '  0.60']
rx2 3                     |    -    *    ------['  0.60', '  0.60', '  0.70', '  0.80', '  0.90']
rx4 3                     |    -    *    ------['  0.60', '  0.60', '  0.70', '  0.80', '  0.90']
✅ pass: five

▶️  six ------------------------------------------------------------
rx1 1  ----------         *                   -[' 99.00', ' 99.50', '100.00', '101.00', '101.00']
rx3 1  ----------         *                   -[' 99.00', ' 99.50', '100.00', '101.00', '101.00']
rx2 1  -------------------*                   -[' 99.00', '100.00', '100.00', '101.00', '101.00']
rx4 1  -------------------*                   -[' 99.00', '100.00', '100.00', '101.00', '101.00']
✅ pass: six

▶️  tiles ------------------------------------------------------------
 rx1   -*-               |                    ['  8.64', '  9.45', '  9.94', ' 10.49', ' 11.18']
 rx10   -*-               |                    ['  8.72', '  9.45', '  9.97', ' 10.48', ' 11.27']
 rx7   -*-               |                    ['  8.75', '  9.46', ' 10.02', ' 10.56', ' 11.37']
 rx6   -*-               |                    ['  8.62', '  9.45', ' 10.03', ' 10.62', ' 11.42']
 rx2   -*-               |                    ['  8.81', '  9.61', ' 10.12', ' 10.64', ' 11.36']
 rx3            -*-      |                    [' 18.73', ' 19.53', ' 20.03', ' 20.59', ' 21.25']
 rx4                    -*--                  [' 28.68', ' 29.44', ' 30.02', ' 30.52', ' 31.38']
 rx5                    -|*-                  [' 28.86', ' 29.61', ' 30.10', ' 30.67', ' 31.40']
 rx9                     |     ---* ---       [' 36.19', ' 38.55', ' 40.01', ' 41.71', ' 43.86']
 rx8                     |       -*-          [' 38.70', ' 39.43', ' 39.95', ' 40.45', ' 41.20']
✅ pass: tiles

▶️  sk ------------------------------------------------------------
 1 rx10   -*-               |                    ['  8.70', '  9.46', '  9.97', ' 10.44', ' 11.20']
 1 rx7   -*-               |                    ['  8.72', '  9.47', '  9.97', ' 10.55', ' 11.29']
 1 rx6   -*-               |                    ['  8.77', '  9.50', '  9.98', ' 10.50', ' 11.14']
 1 rx1   -*-               |                    ['  8.66', '  9.43', ' 10.00', ' 10.51', ' 11.33']
 1 rx2   -*-               |                    ['  8.82', '  9.51', ' 10.11', ' 10.60', ' 11.37']
 2 rx3            -*-      |                    [' 18.78', ' 19.50', ' 19.99', ' 20.54', ' 21.31']
 3 rx4                     |*-                  [' 28.64', ' 29.40', ' 29.95', ' 30.49', ' 31.22']
 3 rx5                     |*--                 [' 28.81', ' 29.54', ' 30.08', ' 30.62', ' 31.44']
 4 rx9                     |      ---* ---      [' 36.45', ' 38.49', ' 39.97', ' 41.65', ' 43.82']
 4 rx8                     |        -*-         [' 38.72', ' 39.45', ' 39.96', ' 40.48', ' 41.29']
✅ pass: sk
🔆 {'pass': 11, 'fail': 0, 'success': 100.0}
