✅ pass: the
✅ pass: rand
{}
✅ pass: some
1 0.5 0.3
2 0.3 0.3
✅ pass: nums
a 1.379
✅ pass: syms
✅ pass: csv
68 455 193.42587939698493 104.269838171196
{'Lbs-': 2970.42, 'Acc+': 15.57, 'Mpg+': 23.84}
✅ pass: data
{'Lbs-': 2970.42, 'Acc+': 15.57, 'Mpg+': 23.84}
{'Lbs-': 2970.42, 'Acc+': 15.57, 'Mpg+': 23.84}
✅ pass: clone
> 1.0 False
> 1.025 False
> 1.051 True
✅ pass: cliffs
{'lo': 0.0, 'hi': 0.9022161422721422, 'mid': 0.52, 'div': 0.26}
✅ pass: dist
199 199
l {'Lbs-': 3621.99, 'Acc+': 14.59, 'Mpg+': 18.54}
r {'Lbs-': 2318.85, 'Acc+': 16.54, 'Mpg+': 29.15}
✅ pass: half
[398]  {'Lbs-': 2970.4, 'Acc+': 15.6, 'Mpg+': 23.8}
|.. [199]  
|.. |.. [99]  
|.. |.. |.. [49]  
|.. |.. |.. |.. [24]  {'Lbs-': 2328.6, 'Acc+': 16.8, 'Mpg+': 25.8}
|.. |.. |.. |.. [25]  {'Lbs-': 3714.3, 'Acc+': 12.2, 'Mpg+': 16.4}
|.. |.. |.. [50]  
|.. |.. |.. |.. [25]  {'Lbs-': 2985.2, 'Acc+': 15.7, 'Mpg+': 18.4}
|.. |.. |.. |.. [25]  {'Lbs-': 3944.0, 'Acc+': 13.3, 'Mpg+': 14.4}
|.. |.. [100]  
|.. |.. |.. [50]  
|.. |.. |.. |.. [25]  {'Lbs-': 2442.3, 'Acc+': 17.8, 'Mpg+': 32.8}
|.. |.. |.. |.. [25]  {'Lbs-': 2332.7, 'Acc+': 16.3, 'Mpg+': 27.2}
|.. |.. |.. [50]  
|.. |.. |.. |.. [25]  {'Lbs-': 4304.2, 'Acc+': 13.1, 'Mpg+': 13.2}
|.. |.. |.. |.. [25]  {'Lbs-': 3270.1, 'Acc+': 17.0, 'Mpg+': 21.2}
|.. [199]  
|.. |.. [99]  
|.. |.. |.. [49]  
|.. |.. |.. |.. [24]  {'Lbs-': 3222.1, 'Acc+': 15.8, 'Mpg+': 24.6}
|.. |.. |.. |.. [25]  {'Lbs-': 2478.2, 'Acc+': 15.9, 'Mpg+': 32.0}
|.. |.. |.. [50]  
|.. |.. |.. |.. [25]  {'Lbs-': 3012.0, 'Acc+': 15.5, 'Mpg+': 24.8}
|.. |.. |.. |.. [25]  {'Lbs-': 2189.8, 'Acc+': 16.4, 'Mpg+': 34.0}
|.. |.. [100]  
|.. |.. |.. [50]  
|.. |.. |.. |.. [25]  {'Lbs-': 2166.0, 'Acc+': 16.4, 'Mpg+': 26.4}
|.. |.. |.. |.. [25]  {'Lbs-': 2448.0, 'Acc+': 16.4, 'Mpg+': 27.6}
|.. |.. |.. [50]  
|.. |.. |.. |.. [25]  {'Lbs-': 3914.7, 'Acc+': 14.7, 'Mpg+': 18.0}
|.. |.. |.. |.. [25]  {'Lbs-': 2759.0, 'Acc+': 15.9, 'Mpg+': 24.8}
✅ pass: tree

all  {'Lbs-': 2970.42, 'Acc+': 15.57, 'Mpg+': 23.84}
     {'Lbs-': 846.84, 'Acc+': 2.76, 'Mpg+': 8.34}

best {'Lbs-': 2200.0, 'Acc+': 13.2, 'Mpg+': 30.0}
     {'Lbs-': 0.0, 'Acc+': 0.0, 'Mpg+': 0.0}

rest {'Lbs-': 3020.25, 'Acc+': 15.85, 'Mpg+': 20.0}
     {'Lbs-': 527.19, 'Acc+': 1.5, 'Mpg+': 0.0}
✅ pass: sway
all    {'best': 1, 'rest': 4}

Clndrs -9223372036854775807 9223372036854775807 0.0 {'rest': 3}

Volume -9223372036854775807 68 1.0 {'best': 1}
Volume 68 9223372036854775807 0.0 {'rest': 3}

Model -9223372036854775807 9223372036854775807 0.0 {'rest': 3}

origin 1 1 0.0 {'rest': 1}
origin 2 2 0.0 {'rest': 1}
origin 3 3 0.0 {'rest': 1}
✅ pass: bins
