{'Far': 0.95, 'Halves': 512, 'Max': 512, 'Reuse': True, 'a': 'dict', 'bins': 16, 'cliffs': 0.147, 'd': 0.35, 'file': 'HW6/etc/data/auto93.csv', 'go': 'all', 'help': False, 'id': 4346936512, 'min': 0.5, 'p': 2, 'rest': 4, 'seed': 937162211}
✅ pass: is
✅ pass: rand
{1: 1, 2: 2, 3: 3, 4: 4, 5: 5, 6: 6, 7: 7, 8: 8, 9: 9, 10: 10, 11: 11, 12: 12, 13: 13, 14: 14, 15: 15, 16: 16, 17: 17, 18: 18, 19: 19, 20: 20, 21: 21, 22: 22, 23: 23, 24: 24, 25: 25, 26: 26, 27: 27, 28: 28, 29: 29, 30: 30, 31: 31, 32: 32}
✅ pass: some
1 0.5 0.3
2 0.3 0.3
✅ pass: nums
a 1.379
✅ pass: syms
✅ pass: csv
68 455 193.42587939698493 104.269838171196
{'Lbs-': 2970.42, 'Acc+': 15.57, 'Mpg+': 23.84}
✅ pass: data
{'Lbs-': 2970.42, 'Acc+': 15.57, 'Mpg+': 23.84}
{'Lbs-': 2970.42, 'Acc+': 15.57, 'Mpg+': 23.84}
✅ pass: clone
> 1.0 False
> 1.025 False
> 1.051 False
> 1.077 False
> 1.104 False
> 1.131 True
✅ pass: cliffs
{'lo': 0.0, 'hi': 0.9022161422721422, 'mid': 0.52, 'div': 0.26}
✅ pass: dist
199 199
l {'Lbs-': 2363.97, 'Acc+': 16.36, 'Mpg+': 29.4}
r {'Lbs-': 3576.87, 'Acc+': 14.78, 'Mpg+': 18.29}
✅ pass: half
[398]  {'Lbs-': 2970.4, 'Acc+': 15.6, 'Mpg+': 23.8}
|.. [199]
|.. |.. [99]
|.. |.. |.. [49]
|.. |.. |.. |.. [24]  {'Lbs-': 2926.2, 'Acc+': 16.2, 'Mpg+': 25.4}
|.. |.. |.. |.. [25]  {'Lbs-': 2398.8, 'Acc+': 16.1, 'Mpg+': 31.6}
|.. |.. |.. [50]
|.. |.. |.. |.. [25]  {'Lbs-': 3291.6, 'Acc+': 16.8, 'Mpg+': 20.4}
|.. |.. |.. |.. [25]  {'Lbs-': 2497.5, 'Acc+': 16.4, 'Mpg+': 26.8}
|.. |.. [100]
|.. |.. |.. [50]
|.. |.. |.. |.. [25]  {'Lbs-': 3628.5, 'Acc+': 15.8, 'Mpg+': 18.8}
|.. |.. |.. |.. [25]  {'Lbs-': 3491.6, 'Acc+': 15.4, 'Mpg+': 17.6}
|.. |.. |.. [50]
|.. |.. |.. |.. [25]  {'Lbs-': 4144.2, 'Acc+': 13.7, 'Mpg+': 17.6}
|.. |.. |.. |.. [25]  {'Lbs-': 4418.7, 'Acc+': 12.1, 'Mpg+': 12.0}
|.. [199]
|.. |.. [99]
|.. |.. |.. [49]
|.. |.. |.. |.. [24]  {'Lbs-': 3183.5, 'Acc+': 14.7, 'Mpg+': 20.8}
|.. |.. |.. |.. [25]  {'Lbs-': 2459.3, 'Acc+': 18.0, 'Mpg+': 33.2}
|.. |.. |.. [50]
|.. |.. |.. |.. [25]  {'Lbs-': 2172.0, 'Acc+': 16.6, 'Mpg+': 27.6}
|.. |.. |.. |.. [25]  {'Lbs-': 3754.2, 'Acc+': 12.1, 'Mpg+': 15.6}
|.. |.. [100]
|.. |.. |.. [50]
|.. |.. |.. |.. [25]  {'Lbs-': 2384.6, 'Acc+': 16.6, 'Mpg+': 24.0}
|.. |.. |.. |.. [25]  {'Lbs-': 2313.3, 'Acc+': 16.1, 'Mpg+': 25.2}
|.. |.. |.. [50]
|.. |.. |.. |.. [25]  {'Lbs-': 2450.1, 'Acc+': 15.5, 'Mpg+': 29.6}
|.. |.. |.. |.. [25]  {'Lbs-': 2019.5, 'Acc+': 16.8, 'Mpg+': 35.2}
✅ pass: tree

all  {'Lbs-': 2970.42, 'Acc+': 15.57, 'Mpg+': 23.84}
     {'Lbs-': 846.84, 'Acc+': 2.76, 'Mpg+': 8.34}

best {'Lbs-': 2168.62, 'Acc+': 16.56, 'Mpg+': 36.15}
     {'Lbs-': 317.2, 'Acc+': 1.87, 'Mpg+': 6.5}

rest {'Lbs-': 2994.63, 'Acc+': 15.71, 'Mpg+': 22.88}
     {'Lbs-': 809.78, 'Acc+': 2.92, 'Mpg+': 8.48}
✅ pass: sway
all    {'best': 12, 'rest': 48}

Clndrs -inf 3 0.08	{'best': 1}
Clndrs 3 4 0.64 {'best': 11, 'rest': 19}
Clndrs 4 inf 0.0 {'rest': 29}

Volume -inf	90 0.69 {'best' 9, 'rest': 3}
Volume 90 115 0.17 {'best' 3, 'rest': 6}
Volume 115 inf 0.0 {'rest': 39}

Model -inf 77 0.0 {'rest': 30}
Model 77 78	0.28 {'best': 4, 'rest': 3}
Model 78 79	0.12 {'best': 2, 'rest': 3}
Model 79 80	0.43 {'best': 6, 'rest': 4}
Model 80 inf 0.0 {'rest': 8}

origin 1 1 0.0 {'rest': 33}
origin 2 2 0.0 {'rest': 8}
origin 3 3 0.87 {'best': 12, 'rest': 7}
✅ pass: bins

Clndrs -inf 4
Clndrs 4 inf

Volume -inf 90
Volume 90 115
Volume 115 inf

Model -inf 78
Model 78 inf

origin 1 1
origin 2 2
origin 3 3

origin 3 3 0.87 {'best': 12, 'rest': 7}
Clndrs -inf 4 0.72 {'best': 12, 'rest': 19}
Volume -inf 90 0.69 {'best': 9, 'rest': 3}
Model 79 80 0.43 {'best': 6, 'rest': 4}
Model 76 79 0.36 {'best': 6, 'rest': 9}
Volume 90 115 0.17 {'best': 3, 'rest': 6}
origin 2 2 0.0 {'rest': 8}
origin 1 1 0.0 {'rest': 33}
Volume 115 inf 0.0 {'rest': 39}
Model 80 inf 0.0 {'rest': 8}
Clndrs 4 inf 0.0 {'rest': 29}
Model -inf 76 0.0 {'rest': 27}

{'origin': [3]}
{'origin': [3], 'Model': [[81, inf]]}
{'origin': [3], 'Model': [[81, inf]], 'Clndrs': [[-inf, 5]]}
{'origin': [3], 'Model': [[81, inf]], 'Clndrs': [[-inf, 5]], 'Volume': [[90, 115]]}
{'origin': [3], 'Model': [[81, inf]], 'Clndrs': [[-inf, 5]], 'Volume': [[90, 115]]}
{'origin': [3], 'Model': [[81, inf]], 'Clndrs': [[-inf, 5]], 'Volume': [[-inf, 115]]}

-----------
explain={'origin': [2], 'Model': [[81, inf]]}
all                {'Lbs-': 2970.42, 'Acc+': 15.57, 'Mpg+': 23.84, 'N': 398} {'Lbs-': 846.84, 'Acc+': 2.76, 'Mpg+': 8.34, 'N': 398}
sway with 6 evals {'Lbs-': 1997.83, 'Acc+': 16.68, 'Mpg+': 30.83, 'N': 12} {'Lbs-': 108.29, 'Acc+': 2.47, 'Mpg+': 5.15, 'N': 12}
xpln on 6 evals {'Lbs-': 1984.69, 'Acc+': 16.51, 'Mpg+': 32.0, 'N': 36} {'Lbs-': 93.71, 'Acc+': 2.07, 'Mpg+': 4.22, 'N': 36}
sort with 398 evals {'Lbs-': 4674.33, 'Acc+': 12.71, 'Mpg+': 10.0, 'N': 12} {'Lbs-': 299.42, 'Acc+': 2.05, 'Mpg+': 0.0, 'N': 12}
✅ pass: xpln
