✅ pass: the
b4 {'a': 1, 'b': {'c': 2, 'd': [3]}} 
after {'a': 1, 'b': {'c': 2, 'd': [10000]}}
✅ pass: copy
✅ pass: sym
✅ pass: num
{'a': 'NUM', 'at': 0, 'hi': 5, 'id': 4375761536, 'lo': 3, 'm2': 4.833333333333333, 'mu': 3.833333333333333, 'n': 6, 'txt': 'Num1', 'w': 1}
{'a': 'NUM', 'at': 1, 'hi': 5, 'id': 4377011104, 'lo': 3, 'm2': 2.833333333333333, 'mu': 4.166666666666667, 'n': 6, 'txt': 'Num2', 'w': 1}
{'a': 'NUM', 'at': 2, 'hi': 4, 'id': 4377010336, 'lo': 1, 'm2': 7.333333333333333, 'mu': 2.666666666666667, 'n': 6, 'txt': 'Num3', 'w': 1}
{'a': 'NUM', 'at': 3, 'hi': 5, 'id': 4377012640, 'lo': 2, 'm2': 6.833333333333334, 'mu': 3.833333333333333, 'n': 6, 'txt': 'Num4', 'w': 1}
{'a': 'NUM', 'at': 4, 'hi': 5, 'id': 4377010864, 'lo': 4, 'm2': 1.4999999999999996, 'mu': 4.5, 'n': 6, 'txt': 'Num5', 'w': 1}
{'a': 'NUM', 'at': 5, 'hi': 5, 'id': 4377014032, 'lo': 3, 'm2': 4.833333333333334, 'mu': 4.166666666666667, 'n': 6, 'txt': 'Num6', 'w': 1}
{'a': 'NUM', 'at': 6, 'hi': 5, 'id': 4377010384, 'lo': 3, 'm2': 2.8333333333333335, 'mu': 4.166666666666667, 'n': 6, 'txt': 'Num7', 'w': 1}
{'a': 'NUM', 'at': 7, 'hi': 5, 'id': 4377010240, 'lo': 2, 'm2': 5.5, 'mu': 3.5, 'n': 6, 'txt': 'Num8', 'w': 1}
{'a': 'NUM', 'at': 8, 'hi': 5, 'id': 4377011728, 'lo': 3, 'm2': 2.833333333333333, 'mu': 4.166666666666667, 'n': 6, 'txt': 'Num9', 'w': 1}
{'a': 'NUM', 'at': 9, 'hi': 5, 'id': 4377012112, 'lo': 3, 'm2': 4.833333333333333, 'mu': 4.166666666666667, 'n': 6, 'txt': 'Num10', 'w': 1}
{'a': 'SYM', 'at': 10, 'has': {}, 'id': 4377011440, 'mode': None, 'most': 0, 'n': 0, 'txt': 'thingX'}
{'a': 'ROW', 'cells': [3, 4, 2, 3, 4, 3, 4, 5, 5, 5, 'LowProcessingSpeed:HighProcessingSpeed'], 'id': 4375761056}
{'a': 'ROW', 'cells': [5, 4, 4, 4, 4, 5, 5, 3, 3, 3, 'LowCameraQuality:HighCameraQuality'], 'id': 4375761440}
{'a': 'ROW', 'cells': [5, 3, 1, 2, 4, 5, 5, 3, 4, 5, 'LowNetworkReception:HighNetworkReception'], 'id': 4377012208}
{'a': 'ROW', 'cells': [3, 5, 4, 5, 5, 5, 4, 2, 4, 3, 'SmallBatteryCapacity:LargeBatteryCapacity'], 'id': 4377011824}
{'a': 'ROW', 'cells': [3, 5, 2, 5, 5, 3, 3, 4, 4, 4, 'LowPixelDensity:HighPixelDensity'], 'id': 4377010288}
{'a': 'ROW', 'cells': [4, 4, 3, 4, 5, 4, 4, 4, 5, 5, 'LowStorage:HighStorage'], 'id': 4377013888}
✅ pass: repcols
80
|..49
|..|..LowPixelDensity:HighPixelDensity
|..|..52
|..|..|..SmallBatteryCapacity:LargeBatteryCapacity
|..|..|..LowStorage:HighStorage
|..58
|..|..LowNetworkReception:HighNetworkReception
|..|..72
|..|..|..LowProcessingSpeed:HighProcessingSpeed
|..|..|..LowCameraQuality:HighCameraQuality
✅ pass: synonyms
{'a': 'NUM', 'at': 0, 'hi': 5, 'id': 4377011152, 'lo': 2, 'm2': 9.599999999999996, 'mu': 3.8000000000000003, 'n': 10, 'txt': 'LowProcessingSpeed:HighProcessingSpeed', 'w': 1}
{'a': 'NUM', 'at': 1, 'hi': 5, 'id': 4377011200, 'lo': 3, 'm2': 5.999999999999998, 'mu': 3.9999999999999996, 'n': 10, 'txt': 'LowCameraQuality:HighCameraQuality', 'w': 1}
{'a': 'NUM', 'at': 2, 'hi': 5, 'id': 4377010960, 'lo': 1, 'm2': 18.1, 'mu': 3.6999999999999997, 'n': 10, 'txt': 'LowNetworkReception:HighNetworkReception', 'w': 1}
{'a': 'NUM', 'at': 3, 'hi': 5, 'id': 4377010336, 'lo': 2, 'm2': 10.0, 'mu': 3.9999999999999996, 'n': 10, 'txt': 'SmallBatteryCapacity:LargeBatteryCapacity', 'w': 1}
{'a': 'NUM', 'at': 4, 'hi': 5, 'id': 4377010864, 'lo': 2, 'm2': 9.6, 'mu': 3.8, 'n': 10, 'txt': 'LowPixelDensity:HighPixelDensity', 'w': 1}
{'a': 'NUM', 'at': 5, 'hi': 5, 'id': 4377010384, 'lo': 3, 'm2': 3.6000000000000014, 'mu': 4.199999999999999, 'n': 10, 'txt': 'LowStorage:HighStorage', 'w': 1}
{'a': 'SYM', 'at': 6, 'has': {}, 'id': 4377011728, 'mode': None, 'most': 0, 'n': 0, 'txt': 'thingX'}
{'a': 'ROW', 'cells': [3, 5, 5, 3, 3, 4, 'Samsung Galaxy 21'], 'id': 4377010288}
{'a': 'ROW', 'cells': [4, 4, 3, 5, 5, 4, 'OnePlus 10 Pro'], 'id': 4377011440}
{'a': 'ROW', 'cells': [2, 4, 1, 4, 2, 3, 'RealMe X2'], 'id': 4377012112}
{'a': 'ROW', 'cells': [3, 4, 2, 5, 5, 4, 'OnePlus 10'], 'id': 4377010240}
{'a': 'ROW', 'cells': [4, 4, 4, 5, 5, 5, 'Google Pixel 7 Pro'], 'id': 4377014032}
{'a': 'ROW', 'cells': [3, 5, 5, 5, 3, 4, 'Samsung Galaxy 22+'], 'id': 4377012640}
{'a': 'ROW', 'cells': [4, 5, 5, 4, 3, 4, 'Samsung Galaxy 23'], 'id': 4377011104}
{'a': 'ROW', 'cells': [5, 3, 3, 2, 4, 4, 'Iphone X'], 'id': 4377013888}
{'a': 'ROW', 'cells': [5, 3, 4, 4, 4, 5, 'Iphone 13'], 'id': 4377012160}
{'a': 'ROW', 'cells': [5, 3, 5, 3, 4, 5, 'Iphone 14'], 'id': 4377012304}
✅ pass: reprows
72
|..43
|..|..31
|..|..|..Google Pixel 7 Pro
|..|..|..Iphone 13
|..|..51
|..|..|..Samsung Galaxy 23
|..|..|..49
|..|..|..|..Iphone 14
|..|..|..|..OnePlus 10 Pro
|..66
|..|..55
|..|..|..RealMe X2
|..|..|..Samsung Galaxy 22+
|..|..57
|..|..|..Iphone X
|..|..|..53
|..|..|..|..Samsung Galaxy 21
|..|..|..|..OnePlus 10
✅ pass: prototypes

A Samsung Galaxy 21
B OnePlus 10 Pro
C RealMe X2
D OnePlus 10
E Google Pixel 7 Pro
F Samsung Galaxy 22+
G Samsung Galaxy 23
H Iphone X
I Iphone 13
J Iphone 14

E                           C          
                                       
                                       
      B   D                            
                                       
                                       
  I       F                            
          G A                          
J                                      
          H                            
✅ pass: position
72
|..43
|..|..31
|..|..|..Google Pixel 7 Pro
|..|..|..Iphone 13
|..|..51
|..|..|..Samsung Galaxy 23
|..|..|..49
|..|..|..|..Iphone 14
|..|..|..|..OnePlus 10 Pro
|..66
|..|..55
|..|..|..RealMe X2
|..|..|..Samsung Galaxy 22+
|..|..57
|..|..|..Iphone X
|..|..|..53
|..|..|..|..Samsung Galaxy 21
|..|..|..|..OnePlus 10
80
|..49
|..|..LowPixelDensity:HighPixelDensity
|..|..52
|..|..|..SmallBatteryCapacity:LargeBatteryCapacity
|..|..|..LowStorage:HighStorage
|..58
|..|..LowNetworkReception:HighNetworkReception
|..|..72
|..|..|..LowProcessingSpeed:HighProcessingSpeed
|..|..|..LowCameraQuality:HighCameraQuality

A Samsung Galaxy 21
B OnePlus 10 Pro
C RealMe X2
D OnePlus 10
E Google Pixel 7 Pro
F Samsung Galaxy 22+
G Samsung Galaxy 23
H Iphone X
I Iphone 13
J Iphone 14

E                           C          
                                       
                                       
      B   D                            
                                       
                                       
  I       F                            
          G A                          
J                                      
          H                            
✅ pass: every
