{'Far': 0.95, 'Sample': 512, 'dump': False, 'file': './HW3/etc/data/auto93.csv', 'go': 'all', 'help': False, 'min': 0.5, 'p': 2, 'seed': 937162211}
✅ pass: the
✅ pass: sym
✅ pass: num
✅ pass: data
✅ pass: clone
0 	 0 	 [8, 304.0, 193, 4732, 18.5, 70, 1, 10]
50 	 0.17 	 [8, 318, 150, 4457, 13.5, 74, 1, 10]
100 	 0.28 	 [6, 232, 100, 2901, 16, 74, 1, 20]
150 	 0.38 	 [8, 351, 142, 4054, 14.3, 79, 1, 20]
200 	 0.55 	 [4, 122, 96, 2300, 15.5, 77, 1, 30]
250 	 0.68 	 [4, 119, 82, 2720, 19.4, 82, 1, 30]
300 	 0.71 	 [4, 119, 97, 2545, 17, 75, 3, 20]
350 	 0.79 	 [4, 146, 67, 3250, 21.8, 80, 2, 30]
✅ pass: around
199 199 398
[8, 318, 150, 3399, 11, 73, 1, 20] 0.7023270817036718
[4, 135, 84, 2385, 12.9, 81, 1, 30]
[4, 97, 88, 2100, 16.5, 72, 3, 30]
✅ pass: half
398  {'Lbs-': 2970.4, 'Acc+': 15.6, 'Mpg+': 23.8}
| 199
| | 99
| | | 49
| | | | 24  {'Lbs-': 2773.9, 'Acc+': 17.0, 'Mpg+': 24.2}
| | | | 25  {'Lbs-': 3069.7, 'Acc+': 17.0, 'Mpg+': 22.8}
| | | 50
| | | | 25  {'Lbs-': 2824.5, 'Acc+': 15.9, 'Mpg+': 20.4}
| | | | 25  {'Lbs-': 3257.2, 'Acc+': 15.4, 'Mpg+': 20.0}
| | 100
| | | 50
| | | | 25  {'Lbs-': 3927.3, 'Acc+': 14.4, 'Mpg+': 15.2}
| | | | 25  {'Lbs-': 3764.2, 'Acc+': 14.6, 'Mpg+': 20.0}
| | | 50
| | | | 25  {'Lbs-': 4226.5, 'Acc+': 12.9, 'Mpg+': 12.0}
| | | | 25  {'Lbs-': 4437.3, 'Acc+': 11.0, 'Mpg+': 13.2}
| 199
| | 99
| | | 49
| | | | 24  {'Lbs-': 2434.7, 'Acc+': 15.8, 'Mpg+': 27.1}
| | | | 25  {'Lbs-': 2309.2, 'Acc+': 16.7, 'Mpg+': 26.0}
| | | 50
| | | | 25  {'Lbs-': 2757.6, 'Acc+': 17.3, 'Mpg+': 30.0}
| | | | 25  {'Lbs-': 2739.6, 'Acc+': 16.6, 'Mpg+': 28.4}
| | 100
| | | 50
| | | | 25  {'Lbs-': 2212.2, 'Acc+': 16.1, 'Mpg+': 34.0}
| | | | 25  {'Lbs-': 2220.6, 'Acc+': 16.1, 'Mpg+': 33.2}
| | | 50
| | | | 25  {'Lbs-': 2348.4, 'Acc+': 16.2, 'Mpg+': 29.2}
| | | | 25  {'Lbs-': 2194.7, 'Acc+': 16.2, 'Mpg+': 26.0}
✅ pass: cluster
398  {'Lbs-': 2970.4, 'Acc+': 15.6, 'Mpg+': 23.8}
| 199
| | 99
| | | 50
| | | | 25  {'Lbs-': 2186.2, 'Acc+': 17.6, 'Mpg+': 36.8}
✅ pass: optimize